

============================== 2023-02-09 00:59:15.543499 | e0778677-e232-4e12-8624-4b3a8c231a98 ==============================
[0m00:59:15.543499 [info ] [MainThread]: Running with dbt=1.4.1
[0m00:59:15.543499 [debug] [MainThread]: running dbt with arguments {'write_json': True, 'use_colors': True, 'printer_width': 80, 'version_check': True, 'partial_parse': True, 'static_parser': True, 'profiles_dir': 'C:\\Users\\oolui\\.dbt', 'send_anonymous_usage_stats': True, 'quiet': False, 'no_print': False, 'cache_selected_only': False, 'project_name': 'improvado', 'skip_profile_setup': False, 'which': 'init', 'indirect_selection': 'eager'}
[0m00:59:15.543499 [debug] [MainThread]: Tracking: tracking
[0m00:59:15.556955 [debug] [MainThread]: Sending event: {'category': 'dbt', 'action': 'invocation', 'label': 'start', 'context': [<snowplow_tracker.self_describing_json.SelfDescribingJson object at 0x0000016DD8927150>, <snowplow_tracker.self_describing_json.SelfDescribingJson object at 0x0000016DD86E9290>, <snowplow_tracker.self_describing_json.SelfDescribingJson object at 0x0000016DD89A7B50>]}
[0m00:59:15.556955 [debug] [MainThread]: Starter project path: C:\Users\oolui\OneDrive\Documentos\improvado_shopify_internee\dbt_shopify\dbt-env\Lib\site-packages\dbt\include\starter_project
[0m01:01:02.294851 [info ] [MainThread]: Profile improvado written to C:\Users\oolui\.dbt\profiles.yml using target's profile_template.yml and your supplied values. Run 'dbt debug' to validate the connection.
[0m01:01:02.295851 [info ] [MainThread]: 
Your new dbt project "improvado" was created!

For more information on how to configure the profiles.yml file,
please consult the dbt documentation here:

  https://docs.getdbt.com/docs/configure-your-profile

One more thing:

Need help? Don't hesitate to reach out to us via GitHub issues or on Slack:

  https://community.getdbt.com/

Happy modeling!

[0m01:01:02.296853 [debug] [MainThread]: Sending event: {'category': 'dbt', 'action': 'invocation', 'label': 'end', 'context': [<snowplow_tracker.self_describing_json.SelfDescribingJson object at 0x0000016DD9FD4AD0>, <snowplow_tracker.self_describing_json.SelfDescribingJson object at 0x0000016DD9FD5B10>, <snowplow_tracker.self_describing_json.SelfDescribingJson object at 0x0000016DD9FD7B50>]}
[0m01:01:02.297852 [debug] [MainThread]: Flushing usage events


============================== 2023-02-09 01:01:48.277978 | f99ea001-42ce-4311-b98a-143dd63d8530 ==============================
[0m01:01:48.277978 [info ] [MainThread]: Running with dbt=1.4.1
[0m01:01:48.279976 [debug] [MainThread]: running dbt with arguments {'write_json': True, 'use_colors': True, 'printer_width': 80, 'version_check': True, 'partial_parse': True, 'static_parser': True, 'profiles_dir': 'C:\\Users\\oolui\\.dbt', 'send_anonymous_usage_stats': True, 'quiet': False, 'no_print': False, 'cache_selected_only': False, 'config_dir': False, 'which': 'debug', 'indirect_selection': 'eager'}
[0m01:01:48.279976 [debug] [MainThread]: Tracking: tracking
[0m01:01:48.289985 [debug] [MainThread]: Sending event: {'category': 'dbt', 'action': 'invocation', 'label': 'start', 'context': [<snowplow_tracker.self_describing_json.SelfDescribingJson object at 0x0000020A68D95410>, <snowplow_tracker.self_describing_json.SelfDescribingJson object at 0x0000020A68F291D0>, <snowplow_tracker.self_describing_json.SelfDescribingJson object at 0x0000020A68E2C090>]}
[0m01:01:48.692820 [debug] [MainThread]: Executing "git --help"
[0m01:01:48.725823 [debug] [MainThread]: STDOUT: "b"usage: git [-v | --version] [-h | --help] [-C <path>] [-c <name>=<value>]\n           [--exec-path[=<path>]] [--html-path] [--man-path] [--info-path]\n           [-p | --paginate | -P | --no-pager] [--no-replace-objects] [--bare]\n           [--git-dir=<path>] [--work-tree=<path>] [--namespace=<name>]\n           [--super-prefix=<path>] [--config-env=<name>=<envvar>]\n           <command> [<args>]\n\nThese are common Git commands used in various situations:\n\nstart a working area (see also: git help tutorial)\n   clone     Clone a repository into a new directory\n   init      Create an empty Git repository or reinitialize an existing one\n\nwork on the current change (see also: git help everyday)\n   add       Add file contents to the index\n   mv        Move or rename a file, a directory, or a symlink\n   restore   Restore working tree files\n   rm        Remove files from the working tree and from the index\n\nexamine the history and state (see also: git help revisions)\n   bisect    Use binary search to find the commit that introduced a bug\n   diff      Show changes between commits, commit and working tree, etc\n   grep      Print lines matching a pattern\n   log       Show commit logs\n   show      Show various types of objects\n   status    Show the working tree status\n\ngrow, mark and tweak your common history\n   branch    List, create, or delete branches\n   commit    Record changes to the repository\n   merge     Join two or more development histories together\n   rebase    Reapply commits on top of another base tip\n   reset     Reset current HEAD to the specified state\n   switch    Switch branches\n   tag       Create, list, delete or verify a tag object signed with GPG\n\ncollaborate (see also: git help workflows)\n   fetch     Download objects and refs from another repository\n   pull      Fetch from and integrate with another repository or a local branch\n   push      Update remote refs along with associated objects\n\n'git help -a' and 'git help -g' list available subcommands and some\nconcept guides. See 'git help <command>' or 'git help <concept>'\nto read about a specific subcommand or concept.\nSee 'git help git' for an overview of the system.\n""
[0m01:01:48.726821 [debug] [MainThread]: STDERR: "b''"
[0m01:01:48.727833 [debug] [MainThread]: Sending event: {'category': 'dbt', 'action': 'invocation', 'label': 'end', 'context': [<snowplow_tracker.self_describing_json.SelfDescribingJson object at 0x0000020A6999E390>, <snowplow_tracker.self_describing_json.SelfDescribingJson object at 0x0000020A6A70A110>, <snowplow_tracker.self_describing_json.SelfDescribingJson object at 0x0000020A68DC23D0>]}
[0m01:01:48.729832 [debug] [MainThread]: Flushing usage events


============================== 2023-02-09 01:06:53.045885 | a60cacbd-d0b1-4295-a121-7912cf512525 ==============================
[0m01:06:53.045885 [info ] [MainThread]: Running with dbt=1.4.1
[0m01:06:53.046884 [debug] [MainThread]: running dbt with arguments {'write_json': True, 'use_colors': True, 'printer_width': 80, 'version_check': True, 'partial_parse': True, 'static_parser': True, 'profiles_dir': 'C:\\Users\\oolui\\.dbt', 'send_anonymous_usage_stats': True, 'quiet': False, 'no_print': False, 'cache_selected_only': False, 'config_dir': False, 'which': 'debug', 'indirect_selection': 'eager'}
[0m01:06:53.047884 [debug] [MainThread]: Tracking: tracking
[0m01:06:53.058887 [debug] [MainThread]: Sending event: {'category': 'dbt', 'action': 'invocation', 'label': 'start', 'context': [<snowplow_tracker.self_describing_json.SelfDescribingJson object at 0x000001CB35A0C050>, <snowplow_tracker.self_describing_json.SelfDescribingJson object at 0x000001CB361AD6D0>, <snowplow_tracker.self_describing_json.SelfDescribingJson object at 0x000001CB35CBFE90>]}
[0m01:06:53.063894 [debug] [MainThread]: Executing "git --help"
[0m01:06:53.108898 [debug] [MainThread]: STDOUT: "b"usage: git [-v | --version] [-h | --help] [-C <path>] [-c <name>=<value>]\n           [--exec-path[=<path>]] [--html-path] [--man-path] [--info-path]\n           [-p | --paginate | -P | --no-pager] [--no-replace-objects] [--bare]\n           [--git-dir=<path>] [--work-tree=<path>] [--namespace=<name>]\n           [--super-prefix=<path>] [--config-env=<name>=<envvar>]\n           <command> [<args>]\n\nThese are common Git commands used in various situations:\n\nstart a working area (see also: git help tutorial)\n   clone     Clone a repository into a new directory\n   init      Create an empty Git repository or reinitialize an existing one\n\nwork on the current change (see also: git help everyday)\n   add       Add file contents to the index\n   mv        Move or rename a file, a directory, or a symlink\n   restore   Restore working tree files\n   rm        Remove files from the working tree and from the index\n\nexamine the history and state (see also: git help revisions)\n   bisect    Use binary search to find the commit that introduced a bug\n   diff      Show changes between commits, commit and working tree, etc\n   grep      Print lines matching a pattern\n   log       Show commit logs\n   show      Show various types of objects\n   status    Show the working tree status\n\ngrow, mark and tweak your common history\n   branch    List, create, or delete branches\n   commit    Record changes to the repository\n   merge     Join two or more development histories together\n   rebase    Reapply commits on top of another base tip\n   reset     Reset current HEAD to the specified state\n   switch    Switch branches\n   tag       Create, list, delete or verify a tag object signed with GPG\n\ncollaborate (see also: git help workflows)\n   fetch     Download objects and refs from another repository\n   pull      Fetch from and integrate with another repository or a local branch\n   push      Update remote refs along with associated objects\n\n'git help -a' and 'git help -g' list available subcommands and some\nconcept guides. See 'git help <command>' or 'git help <concept>'\nto read about a specific subcommand or concept.\nSee 'git help git' for an overview of the system.\n""
[0m01:06:53.109890 [debug] [MainThread]: STDERR: "b''"
[0m01:06:53.110885 [debug] [MainThread]: Sending event: {'category': 'dbt', 'action': 'invocation', 'label': 'end', 'context': [<snowplow_tracker.self_describing_json.SelfDescribingJson object at 0x000001CB361588D0>, <snowplow_tracker.self_describing_json.SelfDescribingJson object at 0x000001CB35DAF810>, <snowplow_tracker.self_describing_json.SelfDescribingJson object at 0x000001CB35A09390>]}
[0m01:06:53.111885 [debug] [MainThread]: Flushing usage events


============================== 2023-02-18 02:57:12.992299 | a554c345-70c5-4f21-ae4d-88c45349fa45 ==============================
[0m02:57:12.992299 [info ] [MainThread]: Running with dbt=1.4.1
[0m02:57:12.994298 [debug] [MainThread]: running dbt with arguments {'write_json': True, 'use_colors': True, 'printer_width': 80, 'version_check': True, 'partial_parse': True, 'static_parser': True, 'profiles_dir': 'C:\\Users\\oolui\\.dbt', 'send_anonymous_usage_stats': True, 'quiet': False, 'no_print': False, 'cache_selected_only': False, 'resource_types': [], 'output': 'selector', 'indirect_selection': 'eager', 'which': 'list'}
[0m02:57:12.994298 [debug] [MainThread]: Tracking: tracking
[0m02:57:13.013300 [debug] [MainThread]: Sending event: {'category': 'dbt', 'action': 'invocation', 'label': 'start', 'context': [<snowplow_tracker.self_describing_json.SelfDescribingJson object at 0x0000020484FA1910>, <snowplow_tracker.self_describing_json.SelfDescribingJson object at 0x0000020483D7BD10>, <snowplow_tracker.self_describing_json.SelfDescribingJson object at 0x0000020484F7EA10>]}
[0m02:57:13.022322 [info ] [MainThread]: Unable to do partial parsing because saved manifest not found. Starting full parse.
[0m02:57:13.023300 [debug] [MainThread]: Sending event: {'category': 'dbt', 'action': 'partial_parser', 'label': 'a554c345-70c5-4f21-ae4d-88c45349fa45', 'context': [<snowplow_tracker.self_describing_json.SelfDescribingJson object at 0x000002048362F9D0>]}
[0m02:57:13.517894 [warn ] [MainThread]: [[33mWARNING[0m]: Configuration paths exist in your dbt_project.yml file which do not apply to any resources.
There are 2 unused configuration paths:
- models.improvado.sources
- models.improvado.stg_models
[0m02:57:13.522892 [debug] [MainThread]: Sending event: {'category': 'dbt', 'action': 'load_project', 'label': 'a554c345-70c5-4f21-ae4d-88c45349fa45', 'context': [<snowplow_tracker.self_describing_json.SelfDescribingJson object at 0x0000020485FDC250>]}
[0m02:57:13.530216 [debug] [MainThread]: Sending event: {'category': 'dbt', 'action': 'resource_counts', 'label': 'a554c345-70c5-4f21-ae4d-88c45349fa45', 'context': [<snowplow_tracker.self_describing_json.SelfDescribingJson object at 0x0000020484FAB790>]}
[0m02:57:13.531215 [info ] [MainThread]: Found 0 models, 0 tests, 0 snapshots, 0 analyses, 334 macros, 0 operations, 0 seed files, 0 sources, 0 exposures, 0 metrics
[0m02:57:13.531215 [debug] [MainThread]: Sending event: {'category': 'dbt', 'action': 'runnable_timing', 'label': 'a554c345-70c5-4f21-ae4d-88c45349fa45', 'context': [<snowplow_tracker.self_describing_json.SelfDescribingJson object at 0x0000020484F7E250>]}
[0m02:57:13.532215 [warn ] [MainThread]: No nodes selected!
[0m02:57:13.533216 [debug] [MainThread]: Sending event: {'category': 'dbt', 'action': 'invocation', 'label': 'end', 'context': [<snowplow_tracker.self_describing_json.SelfDescribingJson object at 0x000002048475FED0>, <snowplow_tracker.self_describing_json.SelfDescribingJson object at 0x0000020484FAA710>, <snowplow_tracker.self_describing_json.SelfDescribingJson object at 0x0000020484FA84D0>]}
[0m02:57:13.533216 [debug] [MainThread]: Flushing usage events


============================== 2023-02-18 03:25:35.336721 | 585e4432-d0be-43de-ae57-ddfba76e5d02 ==============================
[0m03:25:35.336721 [info ] [MainThread]: Running with dbt=1.4.1
[0m03:25:35.336721 [debug] [MainThread]: running dbt with arguments {'write_json': True, 'use_colors': True, 'printer_width': 80, 'version_check': True, 'partial_parse': True, 'static_parser': True, 'profiles_dir': 'C:\\Users\\oolui\\.dbt', 'send_anonymous_usage_stats': True, 'quiet': False, 'no_print': False, 'cache_selected_only': False, 'resource_types': [], 'output': 'selector', 'indirect_selection': 'eager', 'which': 'list'}
[0m03:25:35.336721 [debug] [MainThread]: Tracking: tracking
[0m03:25:35.357786 [debug] [MainThread]: Sending event: {'category': 'dbt', 'action': 'invocation', 'label': 'start', 'context': [<snowplow_tracker.self_describing_json.SelfDescribingJson object at 0x0000024F8F94EED0>, <snowplow_tracker.self_describing_json.SelfDescribingJson object at 0x0000024F8E29D350>, <snowplow_tracker.self_describing_json.SelfDescribingJson object at 0x0000024F8F95F350>]}
[0m03:25:35.504806 [debug] [MainThread]: Partial parsing enabled: 0 files deleted, 0 files added, 0 files changed.
[0m03:25:35.505789 [debug] [MainThread]: Partial parsing enabled, no changes found, skipping parsing
[0m03:25:35.505789 [warn ] [MainThread]: [[33mWARNING[0m]: Configuration paths exist in your dbt_project.yml file which do not apply to any resources.
There are 2 unused configuration paths:
- models.improvado.stg_models
- models.improvado.sources
[0m03:25:35.506860 [debug] [MainThread]: Sending event: {'category': 'dbt', 'action': 'load_project', 'label': '585e4432-d0be-43de-ae57-ddfba76e5d02', 'context': [<snowplow_tracker.self_describing_json.SelfDescribingJson object at 0x0000024F909B01D0>]}
[0m03:25:35.506860 [debug] [MainThread]: Sending event: {'category': 'dbt', 'action': 'resource_counts', 'label': '585e4432-d0be-43de-ae57-ddfba76e5d02', 'context': [<snowplow_tracker.self_describing_json.SelfDescribingJson object at 0x0000024F8F99C450>]}
[0m03:25:35.506860 [info ] [MainThread]: Found 0 models, 0 tests, 0 snapshots, 0 analyses, 334 macros, 0 operations, 0 seed files, 0 sources, 0 exposures, 0 metrics
[0m03:25:35.506860 [debug] [MainThread]: Sending event: {'category': 'dbt', 'action': 'runnable_timing', 'label': '585e4432-d0be-43de-ae57-ddfba76e5d02', 'context': [<snowplow_tracker.self_describing_json.SelfDescribingJson object at 0x0000024F8F9255D0>]}
[0m03:25:35.506860 [warn ] [MainThread]: No nodes selected!
[0m03:25:35.506860 [debug] [MainThread]: Sending event: {'category': 'dbt', 'action': 'invocation', 'label': 'end', 'context': [<snowplow_tracker.self_describing_json.SelfDescribingJson object at 0x0000024F8F99C610>, <snowplow_tracker.self_describing_json.SelfDescribingJson object at 0x0000024F8F99CCD0>, <snowplow_tracker.self_describing_json.SelfDescribingJson object at 0x0000024F8F99CC50>]}
[0m03:25:35.518350 [debug] [MainThread]: Flushing usage events


============================== 2023-02-18 03:26:38.063977 | 9c47f378-1e85-4bbd-9c1b-a2efa3777076 ==============================
[0m03:26:38.063977 [info ] [MainThread]: Running with dbt=1.4.1
[0m03:26:38.063977 [debug] [MainThread]: running dbt with arguments {'write_json': True, 'use_colors': True, 'printer_width': 80, 'version_check': True, 'partial_parse': True, 'static_parser': True, 'profiles_dir': 'C:\\Users\\oolui\\.dbt', 'send_anonymous_usage_stats': True, 'quiet': False, 'no_print': False, 'cache_selected_only': False, 'which': 'run', 'rpc_method': 'run', 'indirect_selection': 'eager'}
[0m03:26:38.063977 [debug] [MainThread]: Tracking: tracking
[0m03:26:38.079542 [debug] [MainThread]: Sending event: {'category': 'dbt', 'action': 'invocation', 'label': 'start', 'context': [<snowplow_tracker.self_describing_json.SelfDescribingJson object at 0x000002D75397B210>, <snowplow_tracker.self_describing_json.SelfDescribingJson object at 0x000002D75317E150>, <snowplow_tracker.self_describing_json.SelfDescribingJson object at 0x000002D75398A3D0>]}
[0m03:26:38.470825 [debug] [MainThread]: Partial parsing enabled: 0 files deleted, 0 files added, 0 files changed.
[0m03:26:38.470825 [debug] [MainThread]: Partial parsing enabled, no changes found, skipping parsing
[0m03:26:38.470825 [warn ] [MainThread]: [[33mWARNING[0m]: Configuration paths exist in your dbt_project.yml file which do not apply to any resources.
There are 2 unused configuration paths:
- models.improvado.stg_models
- models.improvado.sources
[0m03:26:38.491053 [debug] [MainThread]: Sending event: {'category': 'dbt', 'action': 'load_project', 'label': '9c47f378-1e85-4bbd-9c1b-a2efa3777076', 'context': [<snowplow_tracker.self_describing_json.SelfDescribingJson object at 0x000002D7549ED950>]}
[0m03:26:38.498877 [debug] [MainThread]: Sending event: {'category': 'dbt', 'action': 'resource_counts', 'label': '9c47f378-1e85-4bbd-9c1b-a2efa3777076', 'context': [<snowplow_tracker.self_describing_json.SelfDescribingJson object at 0x000002D7539096D0>]}
[0m03:26:38.498877 [info ] [MainThread]: Found 0 models, 0 tests, 0 snapshots, 0 analyses, 334 macros, 0 operations, 0 seed files, 0 sources, 0 exposures, 0 metrics
[0m03:26:38.499879 [debug] [MainThread]: Sending event: {'category': 'dbt', 'action': 'runnable_timing', 'label': '9c47f378-1e85-4bbd-9c1b-a2efa3777076', 'context': [<snowplow_tracker.self_describing_json.SelfDescribingJson object at 0x000002D7538A91D0>]}
[0m03:26:38.501053 [info ] [MainThread]: 
[0m03:26:38.502055 [warn ] [MainThread]: Nothing to do. Try checking your model configs and model specification args
[0m03:26:38.503059 [debug] [MainThread]: Command end result
[0m03:26:38.510058 [debug] [MainThread]: Sending event: {'category': 'dbt', 'action': 'invocation', 'label': 'end', 'context': [<snowplow_tracker.self_describing_json.SelfDescribingJson object at 0x000002D754A0CFD0>, <snowplow_tracker.self_describing_json.SelfDescribingJson object at 0x000002D754A0C5D0>, <snowplow_tracker.self_describing_json.SelfDescribingJson object at 0x000002D754A0C490>]}
[0m03:26:38.511059 [debug] [MainThread]: Flushing usage events


============================== 2023-02-18 07:30:01.620524 | 7ed078fb-3e75-4fd1-ba82-b515155488be ==============================
[0m07:30:01.620524 [info ] [MainThread]: Running with dbt=1.4.1
[0m07:30:01.621530 [debug] [MainThread]: running dbt with arguments {'write_json': True, 'use_colors': True, 'printer_width': 80, 'version_check': True, 'partial_parse': True, 'static_parser': True, 'profiles_dir': 'C:\\Users\\oolui\\.dbt', 'send_anonymous_usage_stats': True, 'quiet': False, 'no_print': False, 'cache_selected_only': False, 'resource_types': [], 'output': 'selector', 'indirect_selection': 'eager', 'which': 'list'}
[0m07:30:01.622529 [debug] [MainThread]: Tracking: tracking
[0m07:30:01.633531 [debug] [MainThread]: Sending event: {'category': 'dbt', 'action': 'invocation', 'label': 'start', 'context': [<snowplow_tracker.self_describing_json.SelfDescribingJson object at 0x000001E3EE28ABD0>, <snowplow_tracker.self_describing_json.SelfDescribingJson object at 0x000001E3EE28B490>, <snowplow_tracker.self_describing_json.SelfDescribingJson object at 0x000001E3EE28B590>]}
[0m07:30:02.118451 [debug] [MainThread]: Partial parsing enabled: 0 files deleted, 0 files added, 0 files changed.
[0m07:30:02.118993 [debug] [MainThread]: Partial parsing enabled, no changes found, skipping parsing
[0m07:30:02.119513 [warn ] [MainThread]: [[33mWARNING[0m]: Configuration paths exist in your dbt_project.yml file which do not apply to any resources.
There are 2 unused configuration paths:
- models.improvado.stg_models
- models.improvado.sources
[0m07:30:02.123603 [debug] [MainThread]: Sending event: {'category': 'dbt', 'action': 'load_project', 'label': '7ed078fb-3e75-4fd1-ba82-b515155488be', 'context': [<snowplow_tracker.self_describing_json.SelfDescribingJson object at 0x000001E3ECCB9A50>]}
[0m07:30:02.129605 [debug] [MainThread]: Sending event: {'category': 'dbt', 'action': 'resource_counts', 'label': '7ed078fb-3e75-4fd1-ba82-b515155488be', 'context': [<snowplow_tracker.self_describing_json.SelfDescribingJson object at 0x000001E3EE2EC4D0>]}
[0m07:30:02.130607 [info ] [MainThread]: Found 0 models, 0 tests, 0 snapshots, 0 analyses, 334 macros, 0 operations, 0 seed files, 0 sources, 0 exposures, 0 metrics
[0m07:30:02.130607 [debug] [MainThread]: Sending event: {'category': 'dbt', 'action': 'runnable_timing', 'label': '7ed078fb-3e75-4fd1-ba82-b515155488be', 'context': [<snowplow_tracker.self_describing_json.SelfDescribingJson object at 0x000001E3EE277850>]}
[0m07:30:02.131607 [warn ] [MainThread]: No nodes selected!
[0m07:30:02.131607 [debug] [MainThread]: Sending event: {'category': 'dbt', 'action': 'invocation', 'label': 'end', 'context': [<snowplow_tracker.self_describing_json.SelfDescribingJson object at 0x000001E3ED099FD0>, <snowplow_tracker.self_describing_json.SelfDescribingJson object at 0x000001E3EDA7FD90>, <snowplow_tracker.self_describing_json.SelfDescribingJson object at 0x000001E3EC912310>]}
[0m07:30:02.132604 [debug] [MainThread]: Flushing usage events


============================== 2023-02-20 01:41:11.632597 | 71fc45d6-6a0d-49f7-9586-0e10fa35d715 ==============================
[0m01:41:11.632597 [info ] [MainThread]: Running with dbt=1.4.1
[0m01:41:11.632597 [debug] [MainThread]: running dbt with arguments {'write_json': True, 'use_colors': True, 'printer_width': 80, 'version_check': True, 'partial_parse': True, 'static_parser': True, 'profiles_dir': 'C:\\Users\\oolui\\.dbt', 'send_anonymous_usage_stats': True, 'quiet': False, 'no_print': False, 'cache_selected_only': False, 'resource_types': [], 'output': 'selector', 'indirect_selection': 'eager', 'which': 'list'}
[0m01:41:11.632597 [debug] [MainThread]: Tracking: tracking
[0m01:41:11.648221 [debug] [MainThread]: Sending event: {'category': 'dbt', 'action': 'invocation', 'label': 'start', 'context': [<snowplow_tracker.self_describing_json.SelfDescribingJson object at 0x0000022648082410>, <snowplow_tracker.self_describing_json.SelfDescribingJson object at 0x0000022648081B90>, <snowplow_tracker.self_describing_json.SelfDescribingJson object at 0x00000226469C2E50>]}
[0m01:41:12.141897 [debug] [MainThread]: Partial parsing enabled: 0 files deleted, 0 files added, 0 files changed.
[0m01:41:12.141897 [debug] [MainThread]: Partial parsing enabled, no changes found, skipping parsing
[0m01:41:12.141897 [warn ] [MainThread]: [[33mWARNING[0m]: Configuration paths exist in your dbt_project.yml file which do not apply to any resources.
There are 2 unused configuration paths:
- models.improvado.stg_models
- models.improvado.sources
[0m01:41:12.160786 [debug] [MainThread]: Sending event: {'category': 'dbt', 'action': 'load_project', 'label': '71fc45d6-6a0d-49f7-9586-0e10fa35d715', 'context': [<snowplow_tracker.self_describing_json.SelfDescribingJson object at 0x0000022648065450>]}
[0m01:41:12.160786 [debug] [MainThread]: Sending event: {'category': 'dbt', 'action': 'resource_counts', 'label': '71fc45d6-6a0d-49f7-9586-0e10fa35d715', 'context': [<snowplow_tracker.self_describing_json.SelfDescribingJson object at 0x00000226480DC390>]}
[0m01:41:12.160786 [info ] [MainThread]: Found 0 models, 0 tests, 0 snapshots, 0 analyses, 334 macros, 0 operations, 0 seed files, 0 sources, 0 exposures, 0 metrics
[0m01:41:12.160786 [debug] [MainThread]: Sending event: {'category': 'dbt', 'action': 'runnable_timing', 'label': '71fc45d6-6a0d-49f7-9586-0e10fa35d715', 'context': [<snowplow_tracker.self_describing_json.SelfDescribingJson object at 0x000002264786FC10>]}
[0m01:41:12.160786 [warn ] [MainThread]: No nodes selected!
[0m01:41:12.160786 [debug] [MainThread]: Sending event: {'category': 'dbt', 'action': 'invocation', 'label': 'end', 'context': [<snowplow_tracker.self_describing_json.SelfDescribingJson object at 0x0000022646A49050>, <snowplow_tracker.self_describing_json.SelfDescribingJson object at 0x00000226480DC6D0>, <snowplow_tracker.self_describing_json.SelfDescribingJson object at 0x00000226480DCD10>]}
[0m01:41:12.160786 [debug] [MainThread]: Flushing usage events
